info it worked if it ends with ok
verbose cli [ 'node', '/usr/local/bin/npm', 'install', 'jasmine' ]
info using npm@1.0.15
info using node@v0.4.10
verbose /usr/local/bin/node node symlink
verbose config file /Users/dave/.npmrc
verbose config file /usr/local/etc/npmrc
silly testEngine { name: 'http-proxy',
silly testEngine   description: 'A full-featured http reverse proxy for node.js',
silly testEngine   version: '0.6.6',
silly testEngine   author: 
silly testEngine    { name: 'Charlie Robbins',
silly testEngine      email: 'charlie.robbins@gmail.com' },
silly testEngine   contributors: 
silly testEngine    [ { name: 'Mikeal Rogers',
silly testEngine        email: 'mikeal.rogers@gmail.com' },
silly testEngine      { name: 'Marak Squires',
silly testEngine        email: 'marak.squires@gmail.com' },
silly testEngine      { name: 'Fedor Indutny',
silly testEngine        email: 'fedor.indutny@gmail.com' } ],
silly testEngine   repository: 
silly testEngine    { type: 'git',
silly testEngine      url: 'git://github.com/nodejitsu/node-http-proxy.git' },
silly testEngine   keywords: [ 'reverse', 'proxy', 'http' ],
silly testEngine   dependencies: 
silly testEngine    { colors: '0.x.x',
silly testEngine      optimist: '0.2.x',
silly testEngine      pkginfo: '0.2.x' },
silly testEngine   devDependencies: 
silly testEngine    { request: '1.9.x',
silly testEngine      vows: '0.5.x',
silly testEngine      'socket.io': '0.6.x' },
silly testEngine   main: './lib/node-http-proxy',
silly testEngine   bin: { 'node-http-proxy': './bin/node-http-proxy' },
silly testEngine   scripts: { test: 'vows test/*-test.js --spec && vows test/*-test.js --spec --https' },
silly testEngine   engines: { node: '0.4.x || 0.5.x' },
silly testEngine   _npmJsonOpts: 
silly testEngine    { file: '/javascript/node_modules/http-proxy/package.json',
silly testEngine      wscript: false,
silly testEngine      contributors: false,
silly testEngine      serverjs: false },
silly testEngine   _id: 'http-proxy@0.6.6',
silly testEngine   _engineSupported: true,
silly testEngine   _npmVersion: '1.0.15',
silly testEngine   _nodeVersion: 'v0.4.10',
silly testEngine   _defaultsLoaded: true }
verbose caching /javascript/node_modules/http-proxy/package.json
verbose loadDefaults http-proxy@0.6.6
silly testEngine { name: 'requirejs',
silly testEngine   description: 'Node adapter for RequireJS, for loading AMD modules. Includes RequireJS optimizer',
silly testEngine   version: '0.26.0',
silly testEngine   homepage: 'http://github.com/jrburke/r.js',
silly testEngine   author: 
silly testEngine    { name: 'James Burke',
silly testEngine      email: 'jrburke@gmail.com',
silly testEngine      url: 'http://github.com/jrburke' },
silly testEngine   licenses: 
silly testEngine    [ { type: 'BSD',
silly testEngine        url: 'https://github.com/jrburke/r.js/blob/master/LICENSE' },
silly testEngine      { type: 'MIT',
silly testEngine        url: 'https://github.com/jrburke/r.js/blob/master/LICENSE' } ],
silly testEngine   main: './bin/r.js',
silly testEngine   bin: { 'r.js': './bin/r.js' },
silly testEngine   engines: { node: '>=0.4.0' },
silly testEngine   _npmJsonOpts: 
silly testEngine    { file: '/javascript/node_modules/requirejs/package.json',
silly testEngine      wscript: false,
silly testEngine      contributors: false,
silly testEngine      serverjs: false },
silly testEngine   _id: 'requirejs@0.26.0',
silly testEngine   dependencies: {},
silly testEngine   devDependencies: {},
silly testEngine   _engineSupported: true,
silly testEngine   _npmVersion: '1.0.15',
silly testEngine   _nodeVersion: 'v0.4.10',
silly testEngine   _defaultsLoaded: true }
verbose caching /javascript/node_modules/requirejs/package.json
verbose loadDefaults requirejs@0.26.0
silly testEngine { name: 'mime',
silly testEngine   description: 'A comprehensive library for mime-type mapping',
silly testEngine   url: 'http://github.com/bentomas/node-mime',
silly testEngine   keywords: [ 'util', 'mime' ],
silly testEngine   author: 
silly testEngine    { name: 'Benjamin Thomas',
silly testEngine      email: 'benjamin@benjaminthomas.org' },
silly testEngine   contributors: [],
silly testEngine   dependencies: {},
silly testEngine   lib: '.',
silly testEngine   main: 'mime.js',
silly testEngine   version: '1.2.3',
silly testEngine   _npmJsonOpts: 
silly testEngine    { file: '/javascript/node_modules/mime/package.json',
silly testEngine      wscript: false,
silly testEngine      contributors: false,
silly testEngine      serverjs: false },
silly testEngine   _id: 'mime@1.2.3',
silly testEngine   devDependencies: {},
silly testEngine   engines: { node: '*' },
silly testEngine   _engineSupported: true,
silly testEngine   _npmVersion: '1.0.15',
silly testEngine   _nodeVersion: 'v0.4.10',
silly testEngine   _defaultsLoaded: true }
verbose caching /javascript/node_modules/mime/package.json
verbose loadDefaults mime@1.2.3
silly testEngine { name: 'node-proxy',
silly testEngine   version: '0.5.2',
silly testEngine   description: 'A module for node implementing __noSuchMethod__-type handlers, such as object overloading, as part of the Harmony Catch-All Proxies specification found at http://wiki.ecmascript.org/doku.php?id=harmony:proxies',
silly testEngine   keywords: 
silly testEngine    [ 'interceptor',
silly testEngine      'proxy',
silly testEngine      'overload',
silly testEngine      '__noSuchMethod__' ],
silly testEngine   contributors: 
silly testEngine    [ { name: 'Sam Shull',
silly testEngine        email: 'http://www.google.com/profiles/brickysam26' },
silly testEngine      { name: 'richardms',
silly testEngine        email: 'https://github.com/richardms' } ],
silly testEngine   licenses: 
silly testEngine    [ { type: 'MIT',
silly testEngine        url: 'http://www.opensource.org/licenses/mit-license.html' } ],
silly testEngine   bugs: { url: 'http://github.com/samshull/node-proxy/issues' },
silly testEngine   implements: [ 'http://wiki.ecmascript.org/doku.php?id=harmony:proxies' ],
silly testEngine   engines: { node: '>=0.1.103' },
silly testEngine   repositories: 
silly testEngine    [ { type: 'git',
silly testEngine        url: 'http://github.com/samshull/node-proxy' } ],
silly testEngine   main: './lib/node-proxy.node',
silly testEngine   scripts: { install: 'make' },
silly testEngine   _npmJsonOpts: 
silly testEngine    { file: '/javascript/node_modules/node-proxy/package.json',
silly testEngine      wscript: false,
silly testEngine      contributors: false,
silly testEngine      serverjs: false },
silly testEngine   _id: 'node-proxy@0.5.2',
silly testEngine   dependencies: {},
silly testEngine   devDependencies: {},
silly testEngine   _engineSupported: true,
silly testEngine   _npmVersion: '1.0.15',
silly testEngine   _nodeVersion: 'v0.4.10',
silly testEngine   _defaultsLoaded: true }
verbose caching /javascript/node_modules/node-proxy/package.json
verbose loadDefaults node-proxy@0.5.2
silly testEngine { name: 'jasmine-node',
silly testEngine   version: '1.0.9',
silly testEngine   description: 'DOM-less simple JavaScript BDD testing framework for Node',
silly testEngine   homepage: 
silly testEngine    [ 'http://pivotal.github.com/jasmine',
silly testEngine      'https://github.com/mhevery/jasmine-node' ],
silly testEngine   repository: 
silly testEngine    { type: 'git',
silly testEngine      url: 'git://github.com/mhevery/jasmine-node.git' },
silly testEngine   keywords: [ 'testing', 'bdd' ],
silly testEngine   author: { name: 'Misko Hevery', email: 'misko@hevery.com' },
silly testEngine   contributors: 
silly testEngine    [ { name: 'Rajan Agaskar' },
silly testEngine      { name: 'Christian Williams' },
silly testEngine      { name: 'Davis W. Frank',
silly testEngine        email: 'dwfrank@pivotallabs.com' },
silly testEngine      { name: 'Matteo Collina',
silly testEngine        email: 'matteo.collina@gmail.com' } ],
silly testEngine   maintainers: 'Martin Häger <martin.haeger@gmail.com>',
silly testEngine   licenses: [ 'MIT' ],
silly testEngine   dependencies: 
silly testEngine    { 'coffee-script': '>=1.0.1',
silly testEngine      'jasmine-reporters': '0.1.0' },
silly testEngine   bin: { 'jasmine-node': 'bin/jasmine-node' },
silly testEngine   main: 'lib/jasmine-node',
silly testEngine   _npmJsonOpts: 
silly testEngine    { file: '/javascript/node_modules/jasmine-node/package.json',
silly testEngine      wscript: false,
silly testEngine      contributors: false,
silly testEngine      serverjs: false },
silly testEngine   _id: 'jasmine-node@1.0.9',
silly testEngine   devDependencies: {},
silly testEngine   engines: { node: '*' },
silly testEngine   _engineSupported: true,
silly testEngine   _npmVersion: '1.0.15',
silly testEngine   _nodeVersion: 'v0.4.10',
silly testEngine   _defaultsLoaded: true }
verbose caching /javascript/node_modules/jasmine-node/package.json
verbose loadDefaults jasmine-node@1.0.9
verbose into /javascript [ 'jasmine' ]
verbose cache add [ 'jasmine', null ]
info addNamed [ 'jasmine', '' ]
verbose addNamed [ null, '' ]
verbose GET jasmine
verbose raw, before any munging jasmine
verbose url resolving [ 'http://registry.npmjs.org/', './jasmine' ]
verbose url resolved http://registry.npmjs.org/jasmine
verbose url parsed { protocol: 'http:',
verbose url parsed   slashes: true,
verbose url parsed   host: 'registry.npmjs.org',
verbose url parsed   hostname: 'registry.npmjs.org',
verbose url parsed   href: 'http://registry.npmjs.org/jasmine',
verbose url parsed   pathname: '/jasmine' }
verbose response http://registry.npmjs.org/jasmine
silly chunk {"error":"not_found","reason":"document not found"}
silly chunk 
silly get cb [ 404,
silly get cb   { server: 'CouchDB/1.1.0 (Erlang OTP/R14B03)',
silly get cb     date: 'Thu, 08 Sep 2011 23:43:37 GMT',
silly get cb     'content-type': 'application/json',
silly get cb     'content-length': '52',
silly get cb     'cache-control': 'must-revalidate' } ]
ERR! 404 'jasmine' is not in the npm registry.
ERR! 404 You should bug the author to publish it.
ERR! 404 Note that you can also install from a tarball or folder.
ERR! 
ERR! System Darwin 11.1.0
ERR! command "node" "/usr/local/bin/npm" "install" "jasmine"
verbose exit [ 1, true ]
